Traceback (most recent call last):
  File "/.autofs/tools/spack/var/spack/environments/default-ml-x86_64-24071101/.spack-env/view/lib/python3.11/site-packages/torch/utils/data/_utils/collate.py", line 127, in collate
    return elem_type({key: collate([d[key] for d in batch], collate_fn_map=collate_fn_map) for key in elem})
                     ^^^^^^^^^^^^^^^^^^^^^^^^^^^^^^^^^^^^^^^^^^^^^^^^^^^^^^^^^^^^^^^^^^^^^^^^^^^^^^^^^^^^^^
  File "/.autofs/tools/spack/var/spack/environments/default-ml-x86_64-24071101/.spack-env/view/lib/python3.11/site-packages/torch/utils/data/_utils/collate.py", line 127, in <dictcomp>
    return elem_type({key: collate([d[key] for d in batch], collate_fn_map=collate_fn_map) for key in elem})
                           ^^^^^^^^^^^^^^^^^^^^^^^^^^^^^^^^^^^^^^^^^^^^^^^^^^^^^^^^^^^^^^^
  File "/.autofs/tools/spack/var/spack/environments/default-ml-x86_64-24071101/.spack-env/view/lib/python3.11/site-packages/torch/utils/data/_utils/collate.py", line 119, in collate
    return collate_fn_map[elem_type](batch, collate_fn_map=collate_fn_map)
           ^^^^^^^^^^^^^^^^^^^^^^^^^^^^^^^^^^^^^^^^^^^^^^^^^^^^^^^^^^^^^^^
  File "/.autofs/tools/spack/var/spack/environments/default-ml-x86_64-24071101/.spack-env/view/lib/python3.11/site-packages/torch/utils/data/_utils/collate.py", line 162, in collate_tensor_fn
    return torch.stack(batch, 0, out=out)
           ^^^^^^^^^^^^^^^^^^^^^^^^^^^^^^
TypeError: expected Tensor as element 1 in argument 0, but got NoneType

During handling of the above exception, another exception occurred:

Traceback (most recent call last):
  File "/home/rgg2706/Multimodal-Sentiment-Analysis/Models/ESAFN/train.py", line 560, in <module>
    ins.run()
  File "/home/rgg2706/Multimodal-Sentiment-Analysis/Models/ESAFN/train.py", line 334, in run
    for t_batch, t_sample_batched in enumerate(self.train_data_loader):
  File "/.autofs/tools/spack/var/spack/environments/default-ml-x86_64-24071101/.spack-env/view/lib/python3.11/site-packages/torch/utils/data/dataloader.py", line 630, in __next__
    data = self._next_data()
           ^^^^^^^^^^^^^^^^^
  File "/.autofs/tools/spack/var/spack/environments/default-ml-x86_64-24071101/.spack-env/view/lib/python3.11/site-packages/torch/utils/data/dataloader.py", line 674, in _next_data
    data = self._dataset_fetcher.fetch(index)  # may raise StopIteration
           ^^^^^^^^^^^^^^^^^^^^^^^^^^^^^^^^^^
  File "/.autofs/tools/spack/var/spack/environments/default-ml-x86_64-24071101/.spack-env/view/lib/python3.11/site-packages/torch/utils/data/_utils/fetch.py", line 54, in fetch
    return self.collate_fn(data)
           ^^^^^^^^^^^^^^^^^^^^^
  File "/.autofs/tools/spack/var/spack/environments/default-ml-x86_64-24071101/.spack-env/view/lib/python3.11/site-packages/torch/utils/data/_utils/collate.py", line 265, in default_collate
    return collate(batch, collate_fn_map=default_collate_fn_map)
           ^^^^^^^^^^^^^^^^^^^^^^^^^^^^^^^^^^^^^^^^^^^^^^^^^^^^^
  File "/.autofs/tools/spack/var/spack/environments/default-ml-x86_64-24071101/.spack-env/view/lib/python3.11/site-packages/torch/utils/data/_utils/collate.py", line 130, in collate
    return {key: collate([d[key] for d in batch], collate_fn_map=collate_fn_map) for key in elem}
           ^^^^^^^^^^^^^^^^^^^^^^^^^^^^^^^^^^^^^^^^^^^^^^^^^^^^^^^^^^^^^^^^^^^^^^^^^^^^^^^^^^^^^^
  File "/.autofs/tools/spack/var/spack/environments/default-ml-x86_64-24071101/.spack-env/view/lib/python3.11/site-packages/torch/utils/data/_utils/collate.py", line 130, in <dictcomp>
    return {key: collate([d[key] for d in batch], collate_fn_map=collate_fn_map) for key in elem}
                 ^^^^^^^^^^^^^^^^^^^^^^^^^^^^^^^^^^^^^^^^^^^^^^^^^^^^^^^^^^^^^^^
  File "/.autofs/tools/spack/var/spack/environments/default-ml-x86_64-24071101/.spack-env/view/lib/python3.11/site-packages/torch/utils/data/_utils/collate.py", line 119, in collate
    return collate_fn_map[elem_type](batch, collate_fn_map=collate_fn_map)
           ^^^^^^^^^^^^^^^^^^^^^^^^^^^^^^^^^^^^^^^^^^^^^^^^^^^^^^^^^^^^^^^
  File "/.autofs/tools/spack/var/spack/environments/default-ml-x86_64-24071101/.spack-env/view/lib/python3.11/site-packages/torch/utils/data/_utils/collate.py", line 162, in collate_tensor_fn
    return torch.stack(batch, 0, out=out)
           ^^^^^^^^^^^^^^^^^^^^^^^^^^^^^^
TypeError: expected Tensor as element 1 in argument 0, but got NoneType
