/home/rgg2706/Multimodal-Sentiment-Analysis/Models/HHMAFM/src/data_utils.py:341: ResourceWarning: unclosed file <_io.BufferedReader name='./Datasets/MVSA-MTS/images-indexed/12244.jpg'>
  image = image_process(image_path_fail, transform)
ResourceWarning: Enable tracemalloc to get the object allocation traceback
Some weights of RobertaModel were not initialized from the model checkpoint at roberta-base and are newly initialized: ['roberta.pooler.dense.weight', 'roberta.pooler.dense.bias']
You should probably TRAIN this model on a down-stream task to be able to use it for predictions and inference.
/.autofs/tools/spack/var/spack/environments/default-nlp-x86_64-24072401/.spack-env/view/lib/python3.11/site-packages/torchvision/models/_utils.py:208: UserWarning: The parameter 'pretrained' is deprecated since 0.13 and may be removed in the future, please use 'weights' instead.
  warnings.warn(
/.autofs/tools/spack/var/spack/environments/default-nlp-x86_64-24072401/.spack-env/view/lib/python3.11/site-packages/torchvision/models/_utils.py:223: UserWarning: Arguments other than a weight enum or `None` for 'weights' are deprecated since 0.13 and may be removed in the future. The current behavior is equivalent to passing `weights=ResNet152_Weights.IMAGENET1K_V1`. You can also use `weights=ResNet152_Weights.DEFAULT` to get the most up-to-date weights.
  warnings.warn(msg)
/.autofs/tools/spack/var/spack/environments/default-nlp-x86_64-24072401/.spack-env/view/lib/python3.11/site-packages/torchvision/models/_utils.py:223: UserWarning: Arguments other than a weight enum or `None` for 'weights' are deprecated since 0.13 and may be removed in the future. The current behavior is equivalent to passing `weights=DenseNet121_Weights.IMAGENET1K_V1`. You can also use `weights=DenseNet121_Weights.DEFAULT` to get the most up-to-date weights.
  warnings.warn(msg)
/.autofs/tools/spack/var/spack/environments/default-nlp-x86_64-24072401/.spack-env/view/lib/python3.11/site-packages/sklearn/metrics/_classification.py:1497: UndefinedMetricWarning: Precision is ill-defined and being set to 0.0 in labels with no predicted samples. Use `zero_division` parameter to control this behavior.
  _warn_prf(average, modifier, f"{metric.capitalize()} is", len(result))
/.autofs/tools/spack/var/spack/environments/default-nlp-x86_64-24072401/.spack-env/view/lib/python3.11/site-packages/sklearn/metrics/_classification.py:1497: UndefinedMetricWarning: Precision is ill-defined and being set to 0.0 in labels with no predicted samples. Use `zero_division` parameter to control this behavior.
  _warn_prf(average, modifier, f"{metric.capitalize()} is", len(result))
/.autofs/tools/spack/var/spack/environments/default-nlp-x86_64-24072401/.spack-env/view/lib/python3.11/site-packages/sklearn/metrics/_classification.py:1497: UndefinedMetricWarning: Precision is ill-defined and being set to 0.0 in labels with no predicted samples. Use `zero_division` parameter to control this behavior.
  _warn_prf(average, modifier, f"{metric.capitalize()} is", len(result))
/.autofs/tools/spack/var/spack/environments/default-nlp-x86_64-24072401/.spack-env/view/lib/python3.11/site-packages/sklearn/metrics/_classification.py:1497: UndefinedMetricWarning: Precision is ill-defined and being set to 0.0 in labels with no predicted samples. Use `zero_division` parameter to control this behavior.
  _warn_prf(average, modifier, f"{metric.capitalize()} is", len(result))
/.autofs/tools/spack/var/spack/environments/default-nlp-x86_64-24072401/.spack-env/view/lib/python3.11/site-packages/sklearn/metrics/_classification.py:1497: UndefinedMetricWarning: Precision is ill-defined and being set to 0.0 in labels with no predicted samples. Use `zero_division` parameter to control this behavior.
  _warn_prf(average, modifier, f"{metric.capitalize()} is", len(result))
Traceback (most recent call last):
  File "/.autofs/tools/spack/var/spack/environments/default-nlp-x86_64-24072401/.spack-env/view/lib/python3.11/site-packages/tensorboard/backend/event_processing/directory_watcher.py", line 88, in Load
    for event in self._LoadInternal():
  File "/.autofs/tools/spack/var/spack/environments/default-nlp-x86_64-24072401/.spack-env/view/lib/python3.11/site-packages/tensorboard/backend/event_processing/directory_watcher.py", line 110, in _LoadInternal
    self._InitializeLoader()
  File "/.autofs/tools/spack/var/spack/environments/default-nlp-x86_64-24072401/.spack-env/view/lib/python3.11/site-packages/tensorboard/backend/event_processing/directory_watcher.py", line 173, in _InitializeLoader
    path = self._GetNextPath()
           ^^^^^^^^^^^^^^^^^^^
  File "/.autofs/tools/spack/var/spack/environments/default-nlp-x86_64-24072401/.spack-env/view/lib/python3.11/site-packages/tensorboard/backend/event_processing/directory_watcher.py", line 210, in _GetNextPath
    for path in io_wrapper.ListDirectoryAbsolute(self._directory)
                ^^^^^^^^^^^^^^^^^^^^^^^^^^^^^^^^^^^^^^^^^^^^^^^^^
  File "/.autofs/tools/spack/var/spack/environments/default-nlp-x86_64-24072401/.spack-env/view/lib/python3.11/site-packages/tensorboard/backend/event_processing/io_wrapper.py", line 78, in ListDirectoryAbsolute
    os.path.join(directory, path) for path in tf.io.gfile.listdir(directory)
                                              ^^^^^^^^^^^^^^^^^^^^^^^^^^^^^^
  File "/.autofs/tools/spack/var/spack/environments/default-nlp-x86_64-24072401/.spack-env/view/lib/python3.11/site-packages/tensorflow/python/lib/io/file_io.py", line 768, in list_directory_v2
    raise errors.NotFoundError(
tensorflow.python.framework.errors_impl.NotFoundError: Could not find directory /home/rgg2706/Multimodal-Sentiment-Analysis/Logs/HHMAFM/2024-10-20/sub-4/011_Oct-20-2024_10:10_PM

During handling of the above exception, another exception occurred:

Traceback (most recent call last):
  File "/home/rgg2706/Multimodal-Sentiment-Analysis/Models/HHMAFM/src/train.py", line 324, in <module>
    ins.read_tensorboard_loss(log_dir)
  File "/home/rgg2706/Multimodal-Sentiment-Analysis/Models/HHMAFM/src/train.py", line 232, in read_tensorboard_loss
    ea.Reload()
  File "/.autofs/tools/spack/var/spack/environments/default-nlp-x86_64-24072401/.spack-env/view/lib/python3.11/site-packages/tensorboard/backend/event_processing/event_accumulator.py", line 343, in Reload
    for event in self._generator.Load():
  File "/.autofs/tools/spack/var/spack/environments/default-nlp-x86_64-24072401/.spack-env/view/lib/python3.11/site-packages/tensorboard/backend/event_processing/directory_watcher.py", line 92, in Load
    raise DirectoryDeletedError(
tensorboard.backend.event_processing.directory_watcher.DirectoryDeletedError: Directory /home/rgg2706/Multimodal-Sentiment-Analysis/Logs/HHMAFM/2024-10-20/sub-4/011_Oct-20-2024_10:10_PM has been permanently deleted
